<?xml version="1.0" encoding="UTF-8"?>
<testsuite name="test.ClassTest" tests="1" skipped="0" failures="0" errors="0" timestamp="2023-10-21T08:17:18" hostname="DESKTOP-5BQPA4K" time="0.052">
  <properties/>
  <testcase name="test()" classname="test.ClassTest" time="0.052"/>
  <system-out><![CDATA[]]></system-out>
  <system-err><![CDATA[]]></system-err>
</testsuite>
